============================================================
TLA+ 模型校验（TLA+ Model Checker）— 阶段 2 系统设计
============================================================
执行时间: 2026-07-23T02:30:00Z
输入文件: tla-manifest.json (L1_shell_agent + L2_task_loop)
校验阶段: 2
------------------------------------------------------------
L1_shell_agent:
  cfg 结构校验    : ✓ 通过 (INVARIANT 声明完整)
  语法校验        : ✓ 通过
  TLC 模型检查    : ✓ 通过 (21 状态, 深度 7)
  死锁检测        : ✓ 无死锁
  不变式保持      : ✓ 全部成立
  状态爆炸        : ✓ 未触发 (variableCombination=1056)

L2_task_loop:
  cfg 结构校验    : ✓ 通过 (INVARIANT 声明完整, header 一致)
  语法校验        : ✓ 通过
  TLC 模型检查    : ✓ 通过 (variableCombination=8192)
  死锁检测        : ✓ 无死锁
  不变式保持      : ✓ 全部成立
  状态爆炸        : ✓ 未触发
  层次一致        : ✓ L1→L2 拆解合规
------------------------------------------------------------
校验结果      : ✓ 通过
注: TLA+ 覆盖率门禁(覆盖率>=阈值)的违反记录在 verifier-output 中;
    本存档记录的是 cfg/结构校验通过状态。
SCRIPT_JSON {"type":"tla-model","passed":true,"exitCode":0,"phase":2,"specs":["L1-shell-agent","L2-task-loop"],"deadlockFree":true,"invariantsHold":true,"stateExplosion":false}
